<?xml version="1.0" encoding="UTF-8"?>
<testsuite name="com.example.slowstep_pjt.SlowstepPjtApplicationTests" tests="1" skipped="0" failures="0" errors="0" timestamp="2024-03-20T11:13:19" hostname="DESKTOP-ODLC1MT" time="0.737">
  <properties/>
  <testcase name="contextLoads()" classname="com.example.slowstep_pjt.SlowstepPjtApplicationTests" time="0.737"/>
  <system-out><![CDATA[20:13:14.888 [Test worker] INFO org.springframework.test.context.support.AnnotationConfigContextLoaderUtils -- Could not detect default configuration classes for test class [com.example.slowstep_pjt.SlowstepPjtApplicationTests]: SlowstepPjtApplicationTests does not declare any static, non-private, non-final, nested classes annotated with @Configuration.
20:13:15.021 [Test worker] INFO org.springframework.boot.test.context.SpringBootTestContextBootstrapper -- Found @SpringBootConfiguration com.example.slowstep_pjt.SlowstepPjtApplication for test class com.example.slowstep_pjt.SlowstepPjtApplicationTests
20:13:15,543 |-INFO in ch.qos.logback.core.model.processor.AppenderModelHandler - Processing appender named [console]
20:13:15,543 |-INFO in ch.qos.logback.core.model.processor.AppenderModelHandler - About to instantiate appender of type [ch.qos.logback.core.ConsoleAppender]
20:13:15,548 |-INFO in ch.qos.logback.core.model.processor.ImplicitModelHandler - Assuming default type [ch.qos.logback.classic.encoder.PatternLayoutEncoder] for [encoder] property
20:13:15,568 |-WARN in ch.qos.logback.core.model.processor.AppenderModelHandler - Appender named [console-infolog] not referenced. Skipping further processing.
20:13:15,568 |-INFO in ch.qos.logback.classic.model.processor.LoggerModelHandler - Setting level of logger [com.example.encore_spring_pjt] to DEBUG
20:13:15,569 |-INFO in ch.qos.logback.classic.jul.LevelChangePropagator@3c017078 - Propagating DEBUG level on Logger[com.example.encore_spring_pjt] onto the JUL framework
20:13:15,569 |-INFO in ch.qos.logback.classic.model.processor.LoggerModelHandler - Setting level of logger [jdbc.sqlonly] to INFO
20:13:15,569 |-INFO in ch.qos.logback.classic.jul.LevelChangePropagator@3c017078 - Propagating INFO level on Logger[jdbc.sqlonly] onto the JUL framework
20:13:15,570 |-INFO in ch.qos.logback.classic.model.processor.LoggerModelHandler - Setting level of logger [jdbc.sqltiming] to DEBUG
20:13:15,570 |-INFO in ch.qos.logback.classic.jul.LevelChangePropagator@3c017078 - Propagating DEBUG level on Logger[jdbc.sqltiming] onto the JUL framework
20:13:15,570 |-INFO in ch.qos.logback.classic.model.processor.LoggerModelHandler - Setting level of logger [jdbc.resultsettable] to INFO
20:13:15,570 |-INFO in ch.qos.logback.classic.jul.LevelChangePropagator@3c017078 - Propagating INFO level on Logger[jdbc.resultsettable] onto the JUL framework
20:13:15,570 |-INFO in ch.qos.logback.classic.model.processor.RootLoggerModelHandler - Setting level of ROOT logger to OFF
20:13:15,570 |-INFO in ch.qos.logback.classic.jul.LevelChangePropagator@3c017078 - Propagating OFF level on Logger[ROOT] onto the JUL framework
20:13:15,570 |-INFO in ch.qos.logback.core.model.processor.AppenderRefModelHandler - Attaching appender named [console] to Logger[ROOT]
20:13:15,571 |-INFO in ch.qos.logback.core.model.processor.DefaultProcessor@3c0036b - End of configuration.
20:13:15,571 |-INFO in org.springframework.boot.logging.logback.SpringBootJoranConfigurator@7ac9af2a - Registering current configuration as safe fallback point

  .   ____          _            __ _ _
 /\\ / ___'_ __ _ _(_)_ __  __ _ \ \ \ \
( ( )\___ | '_ | '_| | '_ \/ _` | \ \ \ \
 \\/  ___)| |_)| | | | | || (_| |  ) ) ) )
  '  |____| .__|_| |_|_| |_\__, | / / / /
 =========|_|==============|___/=/_/_/_/
 :: Spring Boot ::      (v3.1.10-SNAPSHOT)

2024-03-20 20:13:17,327  INFO [jdbc.sqlonly] SELECT NOW() FROM DUAL ;

2024-03-20 20:13:17,336 DEBUG [jdbc.sqltiming]  com.zaxxer.hikari.pool.PoolBase.executeSql(PoolBase.java:578)
1. SELECT NOW() FROM DUAL ;
 {executed in 7 msec}
2024-03-20 20:13:17,998  INFO [jdbc.sqlonly] SELECT NOW() FROM DUAL ;

2024-03-20 20:13:17,999 DEBUG [jdbc.sqltiming]  com.zaxxer.hikari.pool.PoolBase.isConnectionDead(PoolBase.java:164)
1. SELECT NOW() FROM DUAL ;
 {executed in 0 msec}
2024-03-20 20:13:18,027  INFO [jdbc.sqlonly] SELECT @@character_set_database, @@sql_mode

2024-03-20 20:13:18,027 DEBUG [jdbc.sqltiming]  com.zaxxer.hikari.pool.ProxyStatement.executeQuery(ProxyStatement.java:110)
1. SELECT @@character_set_database, @@sql_mode
 {executed in 0 msec}
>>> debug
org.mybatis.spring.SqlSessionTemplate@3cf70afa
]]></system-out>
  <system-err><![CDATA[]]></system-err>
</testsuite>
